<?xml version="1.0" encoding="UTF-8"?>
<!-- Generated by org.testng.reporters.JUnitReportReporter -->
<testsuite skipped="0" hostname="DESKTOP-75ETJAB" name="com.capg.selenium.SeleniumTest" tests="1" failures="0" timestamp="2021-05-17T22:04:09 IST" time="7.163" errors="0">
  <testcase name="Test1" time="7.163" classname="com.capg.selenium.SeleniumTest"/>
  <system-out/>
</testsuite> <!-- com.capg.selenium.SeleniumTest -->
